<Page xmlns="http://schemas.nativescript.org/tns.xsd" loaded="pageLoaded" xmlns:dd="nativescript-drop-down">
  <GridLayout rows="auto, auto, auto, auto, auto, auto, *" columns="auto, *">
    <dd:DropDown id="dd" hint="{{ hint }}" items="{{ items }}" selectedIndex="{{ selectedIndex }}" 
                  opened="dropDownOpened" closed="dropDownClosed" selectedIndexChanged="dropDownSelectedIndexChanged" 
                  class="{{ cssClass }}" isEnabled="{{ isEnabled }}"
                  row="0" colSpan="2" /> 

    <dd:DropDown id="aa" hint="{{ hint }}" items="{{ items1 }}" selectedIndex="{{ selectedIndex1 }}" 
                  opened="dropDownOpened" closed="dropDownClosed" selectedIndexChanged="second" 
                  class="{{ cssClass }}" isEnabled="{{ isEnabled }}"
                  row="1" colSpan="2" />                   

    <Label text="Selected Index:" row="1" col="0" fontSize="18" verticalAlignment="bottom"/>
    <TextField text="{{ selectedIndex }}" row="1" col="1" />
                  
    <Label text="Enabled?" row="2" col="0" fontSize="18" verticalAlignment="bottom"/>
    <Switch checked="{{ isEnabled }}" row="2" col="1" horizontalAlignment="left" />

    <Button row="3" col="0" colSpan="2" tap="changeStyles" text="Change Styles" style="font-size: 25" />
    <Button row="4" col="0" colSpan="2" tap="open" text="Open" style="font-size: 25" />
    <Button row="5" col="0" colSpan="2" tap="close" text="Close" style="font-size: 25" />
  </GridLayout>
</Page>

<!-- <Page xmlns="http://www.nativescript.org/tns.xsd" navigatingTo="onNavigatingTo">
    <Page.actionBar>
		<ActionBar title="Dynamic Creation"/>
	</Page.actionBar>
    <StackLayout id="container"/>
</Page> -->